18/04/30 16:13:47 INFO client.RMProxy: Connecting to ResourceManager at hadoop-f/192.168.2.30:8032
18/04/30 16:13:48 INFO input.FileInputFormat: Total input files to process : 1
18/04/30 16:13:48 INFO mapreduce.JobSubmitter: number of splits:120
18/04/30 16:13:48 INFO Configuration.deprecation: yarn.resourcemanager.system-metrics-publisher.enabled is deprecated. Instead, use yarn.system-metrics-publisher.enabled
18/04/30 16:13:48 INFO mapreduce.JobSubmitter: Submitting tokens for job: job_1524521941871_0464
18/04/30 16:13:48 INFO impl.YarnClientImpl: Submitted application application_1524521941871_0464
18/04/30 16:13:49 INFO mapreduce.Job: The url to track the job: http://hadoop-f:8088/proxy/application_1524521941871_0464/
18/04/30 16:13:49 INFO mapreduce.Job: Running job: job_1524521941871_0464
18/04/30 16:13:55 INFO mapreduce.Job: Job job_1524521941871_0464 running in uber mode : false
18/04/30 16:13:55 INFO mapreduce.Job:  map 0% reduce 0%
18/04/30 16:14:09 INFO mapreduce.Job:  map 1% reduce 0%
18/04/30 16:14:12 INFO mapreduce.Job:  map 3% reduce 0%
18/04/30 16:14:13 INFO mapreduce.Job:  map 7% reduce 0%
18/04/30 16:14:17 INFO mapreduce.Job:  map 8% reduce 0%
18/04/30 16:14:18 INFO mapreduce.Job:  map 13% reduce 0%
18/04/30 16:14:19 INFO mapreduce.Job:  map 21% reduce 0%
18/04/30 16:14:23 INFO mapreduce.Job:  map 22% reduce 0%
18/04/30 16:14:28 INFO mapreduce.Job:  map 24% reduce 0%
18/04/30 16:14:30 INFO mapreduce.Job:  map 27% reduce 0%
18/04/30 16:14:32 INFO mapreduce.Job:  map 27% reduce 2%
18/04/30 16:14:33 INFO mapreduce.Job:  map 27% reduce 4%
18/04/30 16:14:38 INFO mapreduce.Job:  map 28% reduce 6%
18/04/30 16:14:40 INFO mapreduce.Job:  map 30% reduce 6%
18/04/30 16:14:41 INFO mapreduce.Job:  map 32% reduce 6%
18/04/30 16:14:42 INFO mapreduce.Job:  map 36% reduce 6%
18/04/30 16:14:43 INFO mapreduce.Job:  map 38% reduce 6%
18/04/30 16:14:44 INFO mapreduce.Job:  map 43% reduce 9%
18/04/30 16:14:45 INFO mapreduce.Job:  map 46% reduce 10%
18/04/30 16:14:50 INFO mapreduce.Job:  map 47% reduce 13%
18/04/30 16:14:56 INFO mapreduce.Job:  map 47% reduce 15%
18/04/30 16:14:58 INFO mapreduce.Job:  map 48% reduce 15%
18/04/30 16:14:59 INFO mapreduce.Job:  map 52% reduce 15%
18/04/30 16:15:00 INFO mapreduce.Job:  map 54% reduce 15%
18/04/30 16:15:01 INFO mapreduce.Job:  map 56% reduce 15%
18/04/30 16:15:02 INFO mapreduce.Job:  map 59% reduce 16%
18/04/30 16:15:04 INFO mapreduce.Job:  map 60% reduce 16%
18/04/30 16:15:05 INFO mapreduce.Job:  map 61% reduce 16%
18/04/30 16:15:06 INFO mapreduce.Job:  map 62% reduce 16%
18/04/30 16:15:07 INFO mapreduce.Job:  map 62% reduce 17%
18/04/30 16:15:08 INFO mapreduce.Job:  map 63% reduce 19%
18/04/30 16:15:09 INFO mapreduce.Job:  map 65% reduce 19%
18/04/30 16:15:10 INFO mapreduce.Job:  map 66% reduce 19%
18/04/30 16:15:11 INFO mapreduce.Job:  map 67% reduce 19%
18/04/30 16:15:13 INFO mapreduce.Job:  map 68% reduce 20%
18/04/30 16:15:14 INFO mapreduce.Job:  map 71% reduce 21%
18/04/30 16:15:15 INFO mapreduce.Job:  map 72% reduce 21%
18/04/30 16:15:17 INFO mapreduce.Job:  map 73% reduce 21%
18/04/30 16:15:19 INFO mapreduce.Job:  map 73% reduce 22%
18/04/30 16:15:20 INFO mapreduce.Job:  map 73% reduce 23%
18/04/30 16:15:21 INFO mapreduce.Job:  map 74% reduce 23%
18/04/30 16:15:22 INFO mapreduce.Job:  map 76% reduce 23%
18/04/30 16:15:24 INFO mapreduce.Job:  map 77% reduce 23%
18/04/30 16:15:25 INFO mapreduce.Job:  map 79% reduce 24%
18/04/30 16:15:26 INFO mapreduce.Job:  map 80% reduce 24%
18/04/30 16:15:28 INFO mapreduce.Job:  map 81% reduce 25%
18/04/30 16:15:29 INFO mapreduce.Job:  map 82% reduce 25%
18/04/30 16:15:30 INFO mapreduce.Job:  map 83% reduce 25%
18/04/30 16:15:31 INFO mapreduce.Job:  map 84% reduce 25%
18/04/30 16:15:32 INFO mapreduce.Job:  map 85% reduce 26%
18/04/30 16:15:33 INFO mapreduce.Job:  map 86% reduce 27%
18/04/30 16:15:34 INFO mapreduce.Job:  map 89% reduce 28%
18/04/30 16:15:35 INFO mapreduce.Job:  map 90% reduce 28%
18/04/30 16:15:36 INFO mapreduce.Job:  map 91% reduce 28%
18/04/30 16:15:38 INFO mapreduce.Job:  map 92% reduce 29%
18/04/30 16:15:39 INFO mapreduce.Job:  map 92% reduce 30%
18/04/30 16:15:40 INFO mapreduce.Job:  map 93% reduce 30%
18/04/30 16:15:42 INFO mapreduce.Job:  map 94% reduce 30%
18/04/30 16:15:44 INFO mapreduce.Job:  map 96% reduce 31%
18/04/30 16:15:46 INFO mapreduce.Job:  map 100% reduce 32%
18/04/30 16:15:51 INFO mapreduce.Job:  map 100% reduce 33%
18/04/30 16:16:03 INFO mapreduce.Job:  map 100% reduce 41%
18/04/30 16:16:09 INFO mapreduce.Job:  map 100% reduce 43%
18/04/30 16:16:14 INFO mapreduce.Job:  map 100% reduce 56%
18/04/30 16:16:15 INFO mapreduce.Job:  map 100% reduce 65%
18/04/30 16:16:20 INFO mapreduce.Job:  map 100% reduce 71%
18/04/30 16:16:21 INFO mapreduce.Job:  map 100% reduce 73%
18/04/30 16:16:26 INFO mapreduce.Job:  map 100% reduce 75%
18/04/30 16:16:27 INFO mapreduce.Job:  map 100% reduce 78%
18/04/30 16:16:32 INFO mapreduce.Job:  map 100% reduce 79%
18/04/30 16:16:33 INFO mapreduce.Job:  map 100% reduce 82%
18/04/30 16:16:38 INFO mapreduce.Job:  map 100% reduce 84%
18/04/30 16:16:39 INFO mapreduce.Job:  map 100% reduce 85%
18/04/30 16:16:44 INFO mapreduce.Job:  map 100% reduce 87%
18/04/30 16:16:45 INFO mapreduce.Job:  map 100% reduce 88%
18/04/30 16:16:50 INFO mapreduce.Job:  map 100% reduce 90%
18/04/30 16:16:51 INFO mapreduce.Job:  map 100% reduce 91%
18/04/30 16:16:56 INFO mapreduce.Job:  map 100% reduce 93%
18/04/30 16:16:58 INFO mapreduce.Job:  map 100% reduce 94%
18/04/30 16:17:03 INFO mapreduce.Job:  map 100% reduce 96%
18/04/30 16:17:08 INFO mapreduce.Job:  map 100% reduce 97%
18/04/30 16:17:09 INFO mapreduce.Job:  map 100% reduce 99%
18/04/30 16:17:11 INFO mapreduce.Job:  map 100% reduce 100%
18/04/30 16:17:12 INFO mapreduce.Job: Job job_1524521941871_0464 completed successfully
18/04/30 16:17:12 INFO mapreduce.Job: Counters: 51
	File System Counters
		FILE: Number of bytes read=13031846928
		FILE: Number of bytes written=21216904126
		FILE: Number of read operations=0
		FILE: Number of large read operations=0
		FILE: Number of write operations=0
		HDFS: Number of bytes read=8000500864
		HDFS: Number of bytes written=8000000000
		HDFS: Number of read operations=372
		HDFS: Number of large read operations=0
		HDFS: Number of write operations=8
	Job Counters 
		Killed map tasks=2
		Launched map tasks=121
		Launched reduce tasks=4
		Data-local map tasks=101
		Rack-local map tasks=20
		Total time spent by all maps in occupied slots (ms)=2136201
		Total time spent by all reduces in occupied slots (ms)=653685
		Total time spent by all map tasks (ms)=2136201
		Total time spent by all reduce tasks (ms)=653685
		Total vcore-milliseconds taken by all map tasks=2136201
		Total vcore-milliseconds taken by all reduce tasks=653685
		Total megabyte-milliseconds taken by all map tasks=2187469824
		Total megabyte-milliseconds taken by all reduce tasks=669373440
	Map-Reduce Framework
		Map input records=80000000
		Map output records=80000000
		Map output bytes=8000000000
		Map output materialized bytes=8160002880
		Input split bytes=13440
		Combine input records=80000000
		Combine output records=80000000
		Reduce input groups=80000000
		Reduce shuffle bytes=8160002880
		Reduce input records=80000000
		Reduce output records=80000000
		Spilled Records=207763200
		Shuffled Maps =480
		Failed Shuffles=0
		Merged Map outputs=480
		GC time elapsed (ms)=58273
		CPU time spent (ms)=1080750
		Physical memory (bytes) snapshot=36331577344
		Virtual memory (bytes) snapshot=244260085760
		Total committed heap usage (bytes)=25062539264
	Shuffle Errors
		BAD_ID=0
		CONNECTION=0
		IO_ERROR=0
		WRONG_LENGTH=0
		WRONG_MAP=0
		WRONG_REDUCE=0
	File Input Format Counters 
		Bytes Read=8000487424
	File Output Format Counters 
		Bytes Written=8000000000
VALIDATING THE OUTPUTi  ==> 8GB 
18/04/30 16:17:14 INFO client.RMProxy: Connecting to ResourceManager at hadoop-f/192.168.2.30:8032
18/04/30 16:17:15 INFO input.FileInputFormat: Total input files to process : 4
Spent 43ms computing base-splits.
Spent 5ms computing TeraScheduler splits.
18/04/30 16:17:15 INFO mapreduce.JobSubmitter: number of splits:4
18/04/30 16:17:15 INFO Configuration.deprecation: yarn.resourcemanager.system-metrics-publisher.enabled is deprecated. Instead, use yarn.system-metrics-publisher.enabled
18/04/30 16:17:15 INFO mapreduce.JobSubmitter: Submitting tokens for job: job_1524521941871_0465
18/04/30 16:17:16 INFO impl.YarnClientImpl: Submitted application application_1524521941871_0465
18/04/30 16:17:16 INFO mapreduce.Job: The url to track the job: http://hadoop-f:8088/proxy/application_1524521941871_0465/
18/04/30 16:17:16 INFO mapreduce.Job: Running job: job_1524521941871_0465
18/04/30 16:17:25 INFO mapreduce.Job: Job job_1524521941871_0465 running in uber mode : false
18/04/30 16:17:25 INFO mapreduce.Job:  map 0% reduce 0%
18/04/30 16:17:44 INFO mapreduce.Job:  map 33% reduce 0%
18/04/30 16:17:50 INFO mapreduce.Job:  map 52% reduce 0%
18/04/30 16:17:53 INFO mapreduce.Job:  map 64% reduce 0%
18/04/30 16:17:54 INFO mapreduce.Job:  map 88% reduce 0%
18/04/30 16:17:55 INFO mapreduce.Job:  map 100% reduce 0%
18/04/30 16:18:00 INFO mapreduce.Job:  map 100% reduce 100%
18/04/30 16:18:00 INFO mapreduce.Job: Job job_1524521941871_0465 completed successfully
18/04/30 16:18:01 INFO mapreduce.Job: Counters: 50
	File System Counters
		FILE: Number of bytes read=358
		FILE: Number of bytes written=1009559
		FILE: Number of read operations=0
		FILE: Number of large read operations=0
		FILE: Number of write operations=0
		HDFS: Number of bytes read=8000000512
		HDFS: Number of bytes written=463
		HDFS: Number of read operations=15
		HDFS: Number of large read operations=0
		HDFS: Number of write operations=2
	Job Counters 
		Launched map tasks=4
		Launched reduce tasks=1
		Data-local map tasks=3
		Rack-local map tasks=1
		Total time spent by all maps in occupied slots (ms)=110129
		Total time spent by all reduces in occupied slots (ms)=3801
		Total time spent by all map tasks (ms)=110129
		Total time spent by all reduce tasks (ms)=3801
		Total vcore-milliseconds taken by all map tasks=110129
		Total vcore-milliseconds taken by all reduce tasks=3801
		Total megabyte-milliseconds taken by all map tasks=112772096
		Total megabyte-milliseconds taken by all reduce tasks=3892224
	Map-Reduce Framework
		Map input records=80000000
		Map output records=12
		Map output bytes=328
		Map output materialized bytes=376
		Input split bytes=512
		Combine input records=0
		Combine output records=0
		Reduce input groups=9
		Reduce shuffle bytes=376
		Reduce input records=12
		Reduce output records=4
		Spilled Records=24
		Shuffled Maps =4
		Failed Shuffles=0
		Merged Map outputs=4
		GC time elapsed (ms)=1643
		CPU time spent (ms)=78280
		Physical memory (bytes) snapshot=1380241408
		Virtual memory (bytes) snapshot=9848258560
		Total committed heap usage (bytes)=952107008
	Shuffle Errors
		BAD_ID=0
		CONNECTION=0
		IO_ERROR=0
		WRONG_LENGTH=0
		WRONG_MAP=0
		WRONG_REDUCE=0
	File Input Format Counters 
		Bytes Read=8000000000
	File Output Format Counters 
		Bytes Written=463
get: `part-r-00000': File exists
Time taken: 207 secs
