18/04/28 01:00:51 INFO client.RMProxy: Connecting to ResourceManager at hadoop-a/192.168.2.54:8032
18/04/28 01:00:52 INFO input.FileInputFormat: Total input files to process : 1
18/04/28 01:00:52 INFO mapreduce.JobSubmitter: number of splits:298
18/04/28 01:00:52 INFO Configuration.deprecation: yarn.resourcemanager.system-metrics-publisher.enabled is deprecated. Instead, use yarn.system-metrics-publisher.enabled
18/04/28 01:00:52 INFO mapreduce.JobSubmitter: Submitting tokens for job: job_1524707840070_0252
18/04/28 01:00:53 INFO impl.YarnClientImpl: Submitted application application_1524707840070_0252
18/04/28 01:00:53 INFO mapreduce.Job: The url to track the job: http://hadoop-a:8088/proxy/application_1524707840070_0252/
18/04/28 01:00:53 INFO mapreduce.Job: Running job: job_1524707840070_0252
18/04/28 01:01:36 INFO mapreduce.Job: Job job_1524707840070_0252 running in uber mode : false
18/04/28 01:01:36 INFO mapreduce.Job:  map 0% reduce 0%
18/04/28 01:02:03 INFO mapreduce.Job:  map 1% reduce 0%
18/04/28 01:02:04 INFO mapreduce.Job:  map 2% reduce 0%
18/04/28 01:02:05 INFO mapreduce.Job:  map 3% reduce 0%
18/04/28 01:02:07 INFO mapreduce.Job:  map 4% reduce 0%
18/04/28 01:02:08 INFO mapreduce.Job:  map 6% reduce 0%
18/04/28 01:02:10 INFO mapreduce.Job:  map 7% reduce 0%
18/04/28 01:02:25 INFO mapreduce.Job:  map 8% reduce 0%
18/04/28 01:02:26 INFO mapreduce.Job:  map 9% reduce 0%
18/04/28 01:02:27 INFO mapreduce.Job:  map 10% reduce 0%
18/04/28 01:02:32 INFO mapreduce.Job:  map 11% reduce 1%
18/04/28 01:02:33 INFO mapreduce.Job:  map 12% reduce 1%
18/04/28 01:02:34 INFO mapreduce.Job:  map 14% reduce 1%
18/04/28 01:02:36 INFO mapreduce.Job:  map 15% reduce 1%
18/04/28 01:02:37 INFO mapreduce.Job:  map 16% reduce 1%
18/04/28 01:02:38 INFO mapreduce.Job:  map 16% reduce 2%
18/04/28 01:02:43 INFO mapreduce.Job:  map 17% reduce 2%
18/04/28 01:02:45 INFO mapreduce.Job:  map 17% reduce 4%
18/04/28 01:02:47 INFO mapreduce.Job:  map 18% reduce 4%
18/04/28 01:02:49 INFO mapreduce.Job:  map 19% reduce 4%
18/04/28 01:02:50 INFO mapreduce.Job:  map 20% reduce 4%
18/04/28 01:02:57 INFO mapreduce.Job:  map 20% reduce 6%
18/04/28 01:02:58 INFO mapreduce.Job:  map 22% reduce 6%
18/04/28 01:03:03 INFO mapreduce.Job:  map 23% reduce 6%
18/04/28 01:03:05 INFO mapreduce.Job:  map 24% reduce 6%
18/04/28 01:03:07 INFO mapreduce.Job:  map 25% reduce 6%
18/04/28 01:03:10 INFO mapreduce.Job:  map 26% reduce 8%
18/04/28 01:03:11 INFO mapreduce.Job:  map 27% reduce 8%
18/04/28 01:03:12 INFO mapreduce.Job:  map 29% reduce 8%
18/04/28 01:03:14 INFO mapreduce.Job:  map 30% reduce 8%
18/04/28 01:03:16 INFO mapreduce.Job:  map 30% reduce 9%
18/04/28 01:03:22 INFO mapreduce.Job:  map 32% reduce 10%
18/04/28 01:03:28 INFO mapreduce.Job:  map 33% reduce 10%
18/04/28 01:03:33 INFO mapreduce.Job:  map 35% reduce 10%
18/04/28 01:03:34 INFO mapreduce.Job:  map 36% reduce 11%
18/04/28 01:03:36 INFO mapreduce.Job:  map 37% reduce 11%
18/04/28 01:03:39 INFO mapreduce.Job:  map 38% reduce 11%
18/04/28 01:03:40 INFO mapreduce.Job:  map 38% reduce 12%
18/04/28 01:03:42 INFO mapreduce.Job:  map 39% reduce 12%
18/04/28 01:03:43 INFO mapreduce.Job:  map 40% reduce 12%
18/04/28 01:03:45 INFO mapreduce.Job:  map 42% reduce 12%
18/04/28 01:03:50 INFO mapreduce.Job:  map 43% reduce 12%
18/04/28 01:03:52 INFO mapreduce.Job:  map 43% reduce 14%
18/04/28 01:03:54 INFO mapreduce.Job:  map 45% reduce 14%
18/04/28 01:03:58 INFO mapreduce.Job:  map 45% reduce 15%
18/04/28 01:03:59 INFO mapreduce.Job:  map 46% reduce 15%
18/04/28 01:04:02 INFO mapreduce.Job:  map 47% reduce 15%
18/04/28 01:04:06 INFO mapreduce.Job:  map 48% reduce 15%
18/04/28 01:04:07 INFO mapreduce.Job:  map 50% reduce 15%
18/04/28 01:04:08 INFO mapreduce.Job:  map 51% reduce 15%
18/04/28 01:04:10 INFO mapreduce.Job:  map 51% reduce 16%
18/04/28 01:04:11 INFO mapreduce.Job:  map 52% reduce 16%
18/04/28 01:04:14 INFO mapreduce.Job:  map 53% reduce 16%
18/04/28 01:04:15 INFO mapreduce.Job:  map 54% reduce 16%
18/04/28 01:04:16 INFO mapreduce.Job:  map 54% reduce 17%
18/04/28 01:04:18 INFO mapreduce.Job:  map 55% reduce 17%
18/04/28 01:04:20 INFO mapreduce.Job:  map 56% reduce 17%
18/04/28 01:04:22 INFO mapreduce.Job:  map 56% reduce 18%
18/04/28 01:04:28 INFO mapreduce.Job:  map 57% reduce 19%
18/04/28 01:04:29 INFO mapreduce.Job:  map 58% reduce 19%
18/04/28 01:04:30 INFO mapreduce.Job:  map 59% reduce 19%
18/04/28 01:04:31 INFO mapreduce.Job:  map 60% reduce 19%
18/04/28 01:04:35 INFO mapreduce.Job:  map 62% reduce 20%
18/04/28 01:04:38 INFO mapreduce.Job:  map 63% reduce 20%
18/04/28 01:04:39 INFO mapreduce.Job:  map 64% reduce 20%
18/04/28 01:04:40 INFO mapreduce.Job:  map 64% reduce 21%
18/04/28 01:04:41 INFO mapreduce.Job:  map 65% reduce 21%
18/04/28 01:04:49 INFO mapreduce.Job:  map 66% reduce 21%
18/04/28 01:04:51 INFO mapreduce.Job:  map 67% reduce 21%
18/04/28 01:04:52 INFO mapreduce.Job:  map 68% reduce 22%
18/04/28 01:04:53 INFO mapreduce.Job:  map 69% reduce 22%
18/04/28 01:04:56 INFO mapreduce.Job:  map 71% reduce 22%
18/04/28 01:04:58 INFO mapreduce.Job:  map 71% reduce 23%
18/04/28 01:05:04 INFO mapreduce.Job:  map 72% reduce 24%
18/04/28 01:05:07 INFO mapreduce.Job:  map 73% reduce 24%
18/04/28 01:05:09 INFO mapreduce.Job:  map 74% reduce 24%
18/04/28 01:05:11 INFO mapreduce.Job:  map 76% reduce 24%
18/04/28 01:05:12 INFO mapreduce.Job:  map 77% reduce 24%
18/04/28 01:05:15 INFO mapreduce.Job:  map 78% reduce 24%
18/04/28 01:05:16 INFO mapreduce.Job:  map 79% reduce 24%
18/04/28 01:05:17 INFO mapreduce.Job:  map 79% reduce 25%
18/04/28 01:05:18 INFO mapreduce.Job:  map 80% reduce 25%
18/04/28 01:05:22 INFO mapreduce.Job:  map 80% reduce 26%
18/04/28 01:05:29 INFO mapreduce.Job:  map 80% reduce 27%
18/04/28 01:05:31 INFO mapreduce.Job:  map 82% reduce 27%
18/04/28 01:05:32 INFO mapreduce.Job:  map 83% reduce 27%
18/04/28 01:05:34 INFO mapreduce.Job:  map 85% reduce 27%
18/04/28 01:05:35 INFO mapreduce.Job:  map 86% reduce 27%
18/04/28 01:05:36 INFO mapreduce.Job:  map 87% reduce 27%
18/04/28 01:05:37 INFO mapreduce.Job:  map 88% reduce 27%
18/04/28 01:05:38 INFO mapreduce.Job:  map 89% reduce 27%
18/04/28 01:05:40 INFO mapreduce.Job:  map 89% reduce 28%
18/04/28 01:05:46 INFO mapreduce.Job:  map 89% reduce 29%
18/04/28 01:05:51 INFO mapreduce.Job:  map 90% reduce 29%
18/04/28 01:05:52 INFO mapreduce.Job:  map 91% reduce 30%
18/04/28 01:05:53 INFO mapreduce.Job:  map 92% reduce 30%
18/04/28 01:05:54 INFO mapreduce.Job:  map 93% reduce 30%
18/04/28 01:05:55 INFO mapreduce.Job:  map 94% reduce 30%
18/04/28 01:05:56 INFO mapreduce.Job:  map 95% reduce 30%
18/04/28 01:05:59 INFO mapreduce.Job:  map 95% reduce 31%
18/04/28 01:06:02 INFO mapreduce.Job:  map 96% reduce 31%
18/04/28 01:06:03 INFO mapreduce.Job:  map 97% reduce 31%
18/04/28 01:06:05 INFO mapreduce.Job:  map 98% reduce 31%
18/04/28 01:06:11 INFO mapreduce.Job:  map 98% reduce 32%
18/04/28 01:06:12 INFO mapreduce.Job:  map 99% reduce 32%
18/04/28 01:06:13 INFO mapreduce.Job:  map 100% reduce 32%
18/04/28 01:06:17 INFO mapreduce.Job:  map 100% reduce 33%
18/04/28 01:10:18 INFO mapreduce.Job:  map 100% reduce 34%
18/04/28 01:10:24 INFO mapreduce.Job:  map 100% reduce 35%
18/04/28 01:10:36 INFO mapreduce.Job:  map 100% reduce 36%
18/04/28 01:10:42 INFO mapreduce.Job:  map 100% reduce 37%
18/04/28 01:10:48 INFO mapreduce.Job:  map 100% reduce 38%
18/04/28 01:10:54 INFO mapreduce.Job:  map 100% reduce 39%
18/04/28 01:11:05 INFO mapreduce.Job:  map 100% reduce 40%
18/04/28 01:11:11 INFO mapreduce.Job:  map 100% reduce 41%
18/04/28 01:11:17 INFO mapreduce.Job:  map 100% reduce 42%
18/04/28 01:11:23 INFO mapreduce.Job:  map 100% reduce 43%
18/04/28 01:11:29 INFO mapreduce.Job:  map 100% reduce 44%
18/04/28 01:11:41 INFO mapreduce.Job:  map 100% reduce 45%
18/04/28 01:11:47 INFO mapreduce.Job:  map 100% reduce 46%
18/04/28 01:11:59 INFO mapreduce.Job:  map 100% reduce 47%
18/04/28 01:12:05 INFO mapreduce.Job:  map 100% reduce 48%
18/04/28 01:12:12 INFO mapreduce.Job:  map 100% reduce 49%
18/04/28 01:12:24 INFO mapreduce.Job:  map 100% reduce 50%
18/04/28 01:12:30 INFO mapreduce.Job:  map 100% reduce 51%
18/04/28 01:12:36 INFO mapreduce.Job:  map 100% reduce 52%
18/04/28 01:12:48 INFO mapreduce.Job:  map 100% reduce 53%
18/04/28 01:12:54 INFO mapreduce.Job:  map 100% reduce 54%
18/04/28 01:13:00 INFO mapreduce.Job:  map 100% reduce 55%
18/04/28 01:13:06 INFO mapreduce.Job:  map 100% reduce 56%
18/04/28 01:13:18 INFO mapreduce.Job:  map 100% reduce 57%
18/04/28 01:13:24 INFO mapreduce.Job:  map 100% reduce 58%
18/04/28 01:13:30 INFO mapreduce.Job:  map 100% reduce 59%
18/04/28 01:13:36 INFO mapreduce.Job:  map 100% reduce 60%
18/04/28 01:13:48 INFO mapreduce.Job:  map 100% reduce 61%
18/04/28 01:13:54 INFO mapreduce.Job:  map 100% reduce 62%
18/04/28 01:14:00 INFO mapreduce.Job:  map 100% reduce 63%
18/04/28 01:14:12 INFO mapreduce.Job:  map 100% reduce 64%
18/04/28 01:14:18 INFO mapreduce.Job:  map 100% reduce 65%
18/04/28 01:14:24 INFO mapreduce.Job:  map 100% reduce 66%
18/04/28 01:14:30 INFO mapreduce.Job:  map 100% reduce 67%
18/04/28 01:14:42 INFO mapreduce.Job:  map 100% reduce 68%
18/04/28 01:14:54 INFO mapreduce.Job:  map 100% reduce 69%
18/04/28 01:15:06 INFO mapreduce.Job:  map 100% reduce 70%
18/04/28 01:15:19 INFO mapreduce.Job:  map 100% reduce 71%
18/04/28 01:15:31 INFO mapreduce.Job:  map 100% reduce 72%
18/04/28 01:15:43 INFO mapreduce.Job:  map 100% reduce 73%
18/04/28 01:15:55 INFO mapreduce.Job:  map 100% reduce 74%
18/04/28 01:16:07 INFO mapreduce.Job:  map 100% reduce 75%
18/04/28 01:16:19 INFO mapreduce.Job:  map 100% reduce 76%
18/04/28 01:16:25 INFO mapreduce.Job:  map 100% reduce 77%
18/04/28 01:16:37 INFO mapreduce.Job:  map 100% reduce 78%
18/04/28 01:16:49 INFO mapreduce.Job:  map 100% reduce 79%
18/04/28 01:17:01 INFO mapreduce.Job:  map 100% reduce 80%
18/04/28 01:17:13 INFO mapreduce.Job:  map 100% reduce 81%
18/04/28 01:17:25 INFO mapreduce.Job:  map 100% reduce 82%
18/04/28 01:17:37 INFO mapreduce.Job:  map 100% reduce 83%
18/04/28 01:17:49 INFO mapreduce.Job:  map 100% reduce 84%
18/04/28 01:18:01 INFO mapreduce.Job:  map 100% reduce 85%
18/04/28 01:18:14 INFO mapreduce.Job:  map 100% reduce 86%
18/04/28 01:18:26 INFO mapreduce.Job:  map 100% reduce 87%
18/04/28 01:18:38 INFO mapreduce.Job:  map 100% reduce 88%
18/04/28 01:18:50 INFO mapreduce.Job:  map 100% reduce 89%
18/04/28 01:19:02 INFO mapreduce.Job:  map 100% reduce 90%
18/04/28 01:19:14 INFO mapreduce.Job:  map 100% reduce 91%
18/04/28 01:19:26 INFO mapreduce.Job:  map 100% reduce 92%
18/04/28 01:19:38 INFO mapreduce.Job:  map 100% reduce 93%
18/04/28 01:19:50 INFO mapreduce.Job:  map 100% reduce 94%
18/04/28 01:20:02 INFO mapreduce.Job:  map 100% reduce 95%
18/04/28 01:20:14 INFO mapreduce.Job:  map 100% reduce 96%
18/04/28 01:20:26 INFO mapreduce.Job:  map 100% reduce 97%
18/04/28 01:20:38 INFO mapreduce.Job:  map 100% reduce 98%
18/04/28 01:20:50 INFO mapreduce.Job:  map 100% reduce 99%
18/04/28 01:21:02 INFO mapreduce.Job:  map 100% reduce 100%
18/04/28 01:21:03 INFO mapreduce.Job: Job job_1524707840070_0252 completed successfully
18/04/28 01:21:04 INFO mapreduce.Job: Counters: 51
	File System Counters
		FILE: Number of bytes read=55859230266
		FILE: Number of bytes written=76319625701
		FILE: Number of read operations=0
		FILE: Number of large read operations=0
		FILE: Number of write operations=0
		HDFS: Number of bytes read=20001250484
		HDFS: Number of bytes written=20000000000
		HDFS: Number of read operations=897
		HDFS: Number of large read operations=0
		HDFS: Number of write operations=2
	Job Counters 
		Killed map tasks=2
		Launched map tasks=300
		Launched reduce tasks=1
		Data-local map tasks=286
		Rack-local map tasks=14
		Total time spent by all maps in occupied slots (ms)=6987062
		Total time spent by all reduces in occupied slots (ms)=1130915
		Total time spent by all map tasks (ms)=6987062
		Total time spent by all reduce tasks (ms)=1130915
		Total vcore-milliseconds taken by all map tasks=6987062
		Total vcore-milliseconds taken by all reduce tasks=1130915
		Total megabyte-milliseconds taken by all map tasks=7154751488
		Total megabyte-milliseconds taken by all reduce tasks=1158056960
	Map-Reduce Framework
		Map input records=200000000
		Map output records=200000000
		Map output bytes=20000000000
		Map output materialized bytes=20400001788
		Input split bytes=33972
		Combine input records=200000000
		Combine output records=200000000
		Reduce input groups=200000000
		Reduce shuffle bytes=20400001788
		Reduce input records=200000000
		Reduce output records=200000000
		Spilled Records=747639493
		Shuffled Maps =298
		Failed Shuffles=0
		Merged Map outputs=298
		GC time elapsed (ms)=114479
		CPU time spent (ms)=2978630
		Physical memory (bytes) snapshot=86895476736
		Virtual memory (bytes) snapshot=588719448064
		Total committed heap usage (bytes)=60297314304
	Shuffle Errors
		BAD_ID=0
		CONNECTION=0
		IO_ERROR=0
		WRONG_LENGTH=0
		WRONG_MAP=0
		WRONG_REDUCE=0
	File Input Format Counters 
		Bytes Read=20001216512
	File Output Format Counters 
		Bytes Written=20000000000
VALIDATING THE OUTPUT HADOOP...
18/04/28 01:21:06 INFO client.RMProxy: Connecting to ResourceManager at hadoop-a/192.168.2.54:8032
18/04/28 01:21:07 INFO input.FileInputFormat: Total input files to process : 1
18/04/28 01:21:07 INFO mapreduce.JobSubmitter: number of splits:1
18/04/28 01:21:07 INFO Configuration.deprecation: yarn.resourcemanager.system-metrics-publisher.enabled is deprecated. Instead, use yarn.system-metrics-publisher.enabled
18/04/28 01:21:07 INFO mapreduce.JobSubmitter: Submitting tokens for job: job_1524707840070_0253
18/04/28 01:21:07 INFO impl.YarnClientImpl: Submitted application application_1524707840070_0253
18/04/28 01:21:07 INFO mapreduce.Job: The url to track the job: http://hadoop-a:8088/proxy/application_1524707840070_0253/
18/04/28 01:21:07 INFO mapreduce.Job: Running job: job_1524707840070_0253
18/04/28 01:21:20 INFO mapreduce.Job: Job job_1524707840070_0253 running in uber mode : false
18/04/28 01:21:20 INFO mapreduce.Job:  map 0% reduce 0%
18/04/28 01:21:37 INFO mapreduce.Job:  map 4% reduce 0%
18/04/28 01:21:43 INFO mapreduce.Job:  map 6% reduce 0%
18/04/28 01:21:49 INFO mapreduce.Job:  map 8% reduce 0%
18/04/28 01:21:55 INFO mapreduce.Job:  map 10% reduce 0%
18/04/28 01:22:01 INFO mapreduce.Job:  map 12% reduce 0%
18/04/28 01:22:07 INFO mapreduce.Job:  map 15% reduce 0%
18/04/28 01:22:13 INFO mapreduce.Job:  map 17% reduce 0%
18/04/28 01:22:19 INFO mapreduce.Job:  map 19% reduce 0%
18/04/28 01:22:25 INFO mapreduce.Job:  map 21% reduce 0%
18/04/28 01:22:32 INFO mapreduce.Job:  map 23% reduce 0%
18/04/28 01:22:38 INFO mapreduce.Job:  map 25% reduce 0%
18/04/28 01:22:44 INFO mapreduce.Job:  map 27% reduce 0%
18/04/28 01:22:50 INFO mapreduce.Job:  map 30% reduce 0%
18/04/28 01:22:56 INFO mapreduce.Job:  map 32% reduce 0%
18/04/28 01:23:02 INFO mapreduce.Job:  map 34% reduce 0%
18/04/28 01:23:08 INFO mapreduce.Job:  map 36% reduce 0%
18/04/28 01:23:14 INFO mapreduce.Job:  map 38% reduce 0%
18/04/28 01:23:20 INFO mapreduce.Job:  map 40% reduce 0%
18/04/28 01:23:26 INFO mapreduce.Job:  map 42% reduce 0%
18/04/28 01:23:32 INFO mapreduce.Job:  map 45% reduce 0%
18/04/28 01:23:38 INFO mapreduce.Job:  map 47% reduce 0%
18/04/28 01:23:44 INFO mapreduce.Job:  map 49% reduce 0%
18/04/28 01:23:50 INFO mapreduce.Job:  map 51% reduce 0%
18/04/28 01:23:56 INFO mapreduce.Job:  map 53% reduce 0%
18/04/28 01:24:02 INFO mapreduce.Job:  map 55% reduce 0%
18/04/28 01:24:08 INFO mapreduce.Job:  map 58% reduce 0%
18/04/28 01:24:14 INFO mapreduce.Job:  map 60% reduce 0%
18/04/28 01:24:19 INFO mapreduce.Job:  map 62% reduce 0%
18/04/28 01:24:26 INFO mapreduce.Job:  map 64% reduce 0%
18/04/28 01:24:32 INFO mapreduce.Job:  map 66% reduce 0%
18/04/28 01:24:33 INFO mapreduce.Job:  map 100% reduce 0%
18/04/28 01:24:41 INFO mapreduce.Job:  map 100% reduce 100%
18/04/28 01:24:42 INFO mapreduce.Job: Job job_1524707840070_0253 completed successfully
18/04/28 01:24:42 INFO mapreduce.Job: Counters: 49
	File System Counters
		FILE: Number of bytes read=95
		FILE: Number of bytes written=403689
		FILE: Number of read operations=0
		FILE: Number of large read operations=0
		FILE: Number of write operations=0
		HDFS: Number of bytes read=20000000129
		HDFS: Number of bytes written=25
		HDFS: Number of read operations=6
		HDFS: Number of large read operations=0
		HDFS: Number of write operations=2
	Job Counters 
		Launched map tasks=1
		Launched reduce tasks=1
		Rack-local map tasks=1
		Total time spent by all maps in occupied slots (ms)=190866
		Total time spent by all reduces in occupied slots (ms)=4816
		Total time spent by all map tasks (ms)=190866
		Total time spent by all reduce tasks (ms)=4816
		Total vcore-milliseconds taken by all map tasks=190866
		Total vcore-milliseconds taken by all reduce tasks=4816
		Total megabyte-milliseconds taken by all map tasks=195446784
		Total megabyte-milliseconds taken by all reduce tasks=4931584
	Map-Reduce Framework
		Map input records=200000000
		Map output records=3
		Map output bytes=83
		Map output materialized bytes=95
		Input split bytes=129
		Combine input records=0
		Combine output records=0
		Reduce input groups=3
		Reduce shuffle bytes=95
		Reduce input records=3
		Reduce output records=1
		Spilled Records=6
		Shuffled Maps =1
		Failed Shuffles=0
		Merged Map outputs=1
		GC time elapsed (ms)=3138
		CPU time spent (ms)=185060
		Physical memory (bytes) snapshot=482181120
		Virtual memory (bytes) snapshot=3944009728
		Total committed heap usage (bytes)=322437120
	Shuffle Errors
		BAD_ID=0
		CONNECTION=0
		IO_ERROR=0
		WRONG_LENGTH=0
		WRONG_MAP=0
		WRONG_REDUCE=0
	File Input Format Counters 
		Bytes Read=20000000000
	File Output Format Counters 
		Bytes Written=25
Time taken is: 1215 secs
