18/04/29 19:58:41 INFO input.FileInputFormat: Total input files to process : 1
18/04/29 19:59:29 INFO partition.InputSampler: Using 1000 samples
18/04/29 19:59:29 INFO zlib.ZlibFactory: Successfully loaded & initialized native-zlib library
18/04/29 19:59:29 INFO compress.CodecPool: Got brand-new compressor [.deflate]
18/04/29 19:59:29 INFO client.RMProxy: Connecting to ResourceManager at hadoop-f/192.168.2.30:8032
18/04/29 19:59:30 INFO input.FileInputFormat: Total input files to process : 1
18/04/29 19:59:30 INFO mapreduce.JobSubmitter: number of splits:1192
18/04/29 19:59:30 INFO Configuration.deprecation: yarn.resourcemanager.system-metrics-publisher.enabled is deprecated. Instead, use yarn.system-metrics-publisher.enabled
18/04/29 19:59:30 INFO mapreduce.JobSubmitter: Submitting tokens for job: job_1524521941871_0457
18/04/29 19:59:30 INFO impl.YarnClientImpl: Submitted application application_1524521941871_0457
18/04/29 19:59:31 INFO mapreduce.Job: The url to track the job: http://hadoop-f:8088/proxy/application_1524521941871_0457/
18/04/29 19:59:31 INFO mapreduce.Job: Running job: job_1524521941871_0457
18/04/29 19:59:37 INFO mapreduce.Job: Job job_1524521941871_0457 running in uber mode : false
18/04/29 19:59:37 INFO mapreduce.Job:  map 0% reduce 0%
18/04/29 19:59:54 INFO mapreduce.Job:  map 1% reduce 0%
18/04/29 19:59:58 INFO mapreduce.Job:  map 2% reduce 0%
18/04/29 20:00:00 INFO mapreduce.Job:  map 3% reduce 0%
18/04/29 20:00:14 INFO mapreduce.Job:  map 4% reduce 0%
18/04/29 20:00:18 INFO mapreduce.Job:  map 5% reduce 0%
18/04/29 20:00:24 INFO mapreduce.Job:  map 6% reduce 0%
18/04/29 20:00:37 INFO mapreduce.Job:  map 7% reduce 0%
18/04/29 20:00:38 INFO mapreduce.Job:  map 8% reduce 0%
18/04/29 20:00:50 INFO mapreduce.Job:  map 9% reduce 0%
18/04/29 20:00:57 INFO mapreduce.Job:  map 10% reduce 0%
18/04/29 20:01:02 INFO mapreduce.Job:  map 11% reduce 0%
18/04/29 20:01:13 INFO mapreduce.Job:  map 12% reduce 0%
18/04/29 20:01:17 INFO mapreduce.Job:  map 13% reduce 0%
18/04/29 20:01:25 INFO mapreduce.Job:  map 14% reduce 0%
18/04/29 20:01:30 INFO mapreduce.Job:  map 15% reduce 0%
18/04/29 20:01:38 INFO mapreduce.Job:  map 16% reduce 0%
18/04/29 20:01:45 INFO mapreduce.Job:  map 17% reduce 0%
18/04/29 20:01:57 INFO mapreduce.Job:  map 18% reduce 0%
18/04/29 20:02:01 INFO mapreduce.Job:  map 19% reduce 0%
18/04/29 20:02:13 INFO mapreduce.Job:  map 20% reduce 0%
18/04/29 20:02:17 INFO mapreduce.Job:  map 21% reduce 0%
18/04/29 20:02:19 INFO mapreduce.Job:  map 22% reduce 0%
18/04/29 20:02:31 INFO mapreduce.Job:  map 23% reduce 0%
18/04/29 20:02:36 INFO mapreduce.Job:  map 24% reduce 0%
18/04/29 20:02:37 INFO mapreduce.Job:  map 24% reduce 1%
18/04/29 20:02:46 INFO mapreduce.Job:  map 25% reduce 1%
18/04/29 20:02:50 INFO mapreduce.Job:  map 26% reduce 1%
18/04/29 20:03:01 INFO mapreduce.Job:  map 27% reduce 1%
18/04/29 20:03:08 INFO mapreduce.Job:  map 28% reduce 1%
18/04/29 20:03:15 INFO mapreduce.Job:  map 29% reduce 1%
18/04/29 20:03:24 INFO mapreduce.Job:  map 30% reduce 1%
18/04/29 20:03:28 INFO mapreduce.Job:  map 31% reduce 1%
18/04/29 20:03:41 INFO mapreduce.Job:  map 32% reduce 1%
18/04/29 20:03:44 INFO mapreduce.Job:  map 33% reduce 1%
18/04/29 20:03:56 INFO mapreduce.Job:  map 34% reduce 1%
18/04/29 20:04:01 INFO mapreduce.Job:  map 35% reduce 1%
18/04/29 20:04:12 INFO mapreduce.Job:  map 36% reduce 1%
18/04/29 20:04:17 INFO mapreduce.Job:  map 37% reduce 2%
18/04/29 20:04:25 INFO mapreduce.Job:  map 38% reduce 2%
18/04/29 20:04:31 INFO mapreduce.Job:  map 39% reduce 2%
18/04/29 20:04:41 INFO mapreduce.Job:  map 40% reduce 2%
18/04/29 20:04:50 INFO mapreduce.Job:  map 41% reduce 2%
18/04/29 20:04:56 INFO mapreduce.Job:  map 42% reduce 2%
18/04/29 20:05:03 INFO mapreduce.Job:  map 43% reduce 2%
18/04/29 20:05:13 INFO mapreduce.Job:  map 44% reduce 2%
18/04/29 20:05:20 INFO mapreduce.Job:  map 45% reduce 2%
18/04/29 20:05:32 INFO mapreduce.Job:  map 46% reduce 2%
18/04/29 20:05:40 INFO mapreduce.Job:  map 47% reduce 2%
18/04/29 20:05:41 INFO mapreduce.Job:  map 47% reduce 3%
18/04/29 20:05:50 INFO mapreduce.Job:  map 48% reduce 3%
18/04/29 20:05:56 INFO mapreduce.Job:  map 49% reduce 3%
18/04/29 20:06:07 INFO mapreduce.Job:  map 50% reduce 3%
18/04/29 20:06:17 INFO mapreduce.Job:  map 51% reduce 3%
18/04/29 20:06:27 INFO mapreduce.Job:  map 52% reduce 3%
18/04/29 20:06:38 INFO mapreduce.Job:  map 53% reduce 3%
18/04/29 20:06:48 INFO mapreduce.Job:  map 54% reduce 3%
18/04/29 20:06:56 INFO mapreduce.Job:  map 55% reduce 3%
18/04/29 20:07:08 INFO mapreduce.Job:  map 56% reduce 3%
18/04/29 20:07:13 INFO mapreduce.Job:  map 56% reduce 4%
18/04/29 20:07:19 INFO mapreduce.Job:  map 57% reduce 4%
18/04/29 20:07:30 INFO mapreduce.Job:  map 58% reduce 4%
18/04/29 20:07:34 INFO mapreduce.Job:  map 59% reduce 4%
18/04/29 20:07:46 INFO mapreduce.Job:  map 60% reduce 4%
18/04/29 20:07:57 INFO mapreduce.Job:  map 61% reduce 4%
18/04/29 20:08:02 INFO mapreduce.Job:  map 62% reduce 4%
18/04/29 20:08:13 INFO mapreduce.Job:  map 63% reduce 4%
18/04/29 20:08:25 INFO mapreduce.Job:  map 64% reduce 4%
18/04/29 20:08:42 INFO mapreduce.Job:  map 65% reduce 4%
18/04/29 20:08:58 INFO mapreduce.Job:  map 66% reduce 4%
18/04/29 20:09:12 INFO mapreduce.Job:  map 67% reduce 4%
18/04/29 20:09:27 INFO mapreduce.Job:  map 68% reduce 4%
18/04/29 20:09:46 INFO mapreduce.Job:  map 69% reduce 4%
18/04/29 20:10:02 INFO mapreduce.Job:  map 70% reduce 4%
18/04/29 20:10:18 INFO mapreduce.Job:  map 71% reduce 4%
18/04/29 20:10:34 INFO mapreduce.Job:  map 72% reduce 4%
18/04/29 20:10:47 INFO mapreduce.Job:  map 72% reduce 5%
18/04/29 20:10:54 INFO mapreduce.Job:  map 73% reduce 5%
18/04/29 20:11:11 INFO mapreduce.Job:  map 74% reduce 5%
18/04/29 20:11:30 INFO mapreduce.Job:  map 75% reduce 5%
18/04/29 20:11:42 INFO mapreduce.Job:  map 76% reduce 5%
18/04/29 20:11:58 INFO mapreduce.Job:  map 77% reduce 5%
18/04/29 20:12:15 INFO mapreduce.Job:  map 78% reduce 5%
18/04/29 20:12:32 INFO mapreduce.Job:  map 79% reduce 5%
18/04/29 20:12:45 INFO mapreduce.Job:  map 80% reduce 5%
18/04/29 20:13:00 INFO mapreduce.Job:  map 81% reduce 5%
18/04/29 20:13:19 INFO mapreduce.Job:  map 82% reduce 5%
18/04/29 20:13:32 INFO mapreduce.Job:  map 83% reduce 5%
18/04/29 20:13:47 INFO mapreduce.Job:  map 84% reduce 5%
18/04/29 20:14:06 INFO mapreduce.Job:  map 85% reduce 5%
18/04/29 20:14:21 INFO mapreduce.Job:  map 86% reduce 5%
18/04/29 20:14:35 INFO mapreduce.Job:  map 87% reduce 5%
18/04/29 20:14:48 INFO mapreduce.Job:  map 88% reduce 5%
18/04/29 20:15:02 INFO mapreduce.Job:  map 88% reduce 6%
18/04/29 20:15:06 INFO mapreduce.Job:  map 89% reduce 6%
18/04/29 20:15:21 INFO mapreduce.Job:  map 90% reduce 6%
18/04/29 20:15:34 INFO mapreduce.Job:  map 91% reduce 6%
18/04/29 20:15:51 INFO mapreduce.Job:  map 92% reduce 6%
18/04/29 20:16:07 INFO mapreduce.Job:  map 93% reduce 6%
18/04/29 20:16:22 INFO mapreduce.Job:  map 94% reduce 6%
18/04/29 20:16:34 INFO mapreduce.Job:  map 95% reduce 6%
18/04/29 20:16:49 INFO mapreduce.Job:  map 96% reduce 6%
18/04/29 20:17:08 INFO mapreduce.Job:  map 97% reduce 6%
18/04/29 20:17:22 INFO mapreduce.Job:  map 98% reduce 6%
18/04/29 20:17:36 INFO mapreduce.Job:  map 99% reduce 6%
18/04/29 20:17:55 INFO mapreduce.Job:  map 100% reduce 6%
18/04/29 20:18:00 INFO mapreduce.Job:  map 100% reduce 7%
18/04/29 20:18:03 INFO mapreduce.Job:  map 100% reduce 8%
18/04/29 20:18:05 INFO mapreduce.Job:  map 100% reduce 10%
18/04/29 20:18:07 INFO mapreduce.Job:  map 100% reduce 11%
18/04/29 20:18:09 INFO mapreduce.Job:  map 100% reduce 12%
18/04/29 20:18:10 INFO mapreduce.Job:  map 100% reduce 13%
18/04/29 20:18:15 INFO mapreduce.Job:  map 100% reduce 14%
18/04/29 20:18:16 INFO mapreduce.Job:  map 100% reduce 15%
18/04/29 20:18:20 INFO mapreduce.Job:  map 100% reduce 16%
18/04/29 20:18:22 INFO mapreduce.Job:  map 100% reduce 17%
18/04/29 20:18:26 INFO mapreduce.Job:  map 100% reduce 18%
18/04/29 20:18:29 INFO mapreduce.Job:  map 100% reduce 19%
18/04/29 20:18:33 INFO mapreduce.Job:  map 100% reduce 20%
18/04/29 20:18:38 INFO mapreduce.Job:  map 100% reduce 21%
18/04/29 20:18:39 INFO mapreduce.Job:  map 100% reduce 22%
18/04/29 20:18:44 INFO mapreduce.Job:  map 100% reduce 23%
18/04/29 20:18:46 INFO mapreduce.Job:  map 100% reduce 24%
18/04/29 20:18:50 INFO mapreduce.Job:  map 100% reduce 25%
18/04/29 20:18:53 INFO mapreduce.Job:  map 100% reduce 26%
18/04/29 20:18:58 INFO mapreduce.Job:  map 100% reduce 27%
18/04/29 20:19:02 INFO mapreduce.Job:  map 100% reduce 28%
18/04/29 20:19:06 INFO mapreduce.Job:  map 100% reduce 29%
18/04/29 20:19:09 INFO mapreduce.Job:  map 100% reduce 30%
18/04/29 20:19:12 INFO mapreduce.Job:  map 100% reduce 31%
18/04/29 20:19:18 INFO mapreduce.Job:  map 100% reduce 32%
18/04/29 20:19:22 INFO mapreduce.Job:  map 100% reduce 33%
18/04/29 20:19:29 INFO mapreduce.Job:  map 100% reduce 34%
18/04/29 20:19:34 INFO mapreduce.Job:  map 100% reduce 35%
18/04/29 20:19:40 INFO mapreduce.Job:  map 100% reduce 36%
18/04/29 20:19:44 INFO mapreduce.Job:  map 100% reduce 37%
18/04/29 20:19:48 INFO mapreduce.Job:  map 100% reduce 38%
18/04/29 20:19:56 INFO mapreduce.Job:  map 100% reduce 39%
18/04/29 20:20:01 INFO mapreduce.Job:  map 100% reduce 40%
18/04/29 20:20:07 INFO mapreduce.Job:  map 100% reduce 41%
18/04/29 20:20:14 INFO mapreduce.Job:  map 100% reduce 42%
18/04/29 20:20:21 INFO mapreduce.Job:  map 100% reduce 43%
18/04/29 20:20:24 INFO mapreduce.Job:  map 100% reduce 44%
18/04/29 20:20:27 INFO mapreduce.Job:  map 100% reduce 45%
18/04/29 20:20:32 INFO mapreduce.Job:  map 100% reduce 46%
18/04/29 20:20:34 INFO mapreduce.Job:  map 100% reduce 47%
18/04/29 20:20:39 INFO mapreduce.Job:  map 100% reduce 48%
18/04/29 20:20:43 INFO mapreduce.Job:  map 100% reduce 49%
18/04/29 20:20:47 INFO mapreduce.Job:  map 100% reduce 50%
18/04/29 20:20:50 INFO mapreduce.Job:  map 100% reduce 51%
18/04/29 20:20:55 INFO mapreduce.Job:  map 100% reduce 52%
18/04/29 20:21:02 INFO mapreduce.Job:  map 100% reduce 53%
18/04/29 20:21:07 INFO mapreduce.Job:  map 100% reduce 54%
18/04/29 20:21:08 INFO mapreduce.Job:  map 100% reduce 56%
18/04/29 20:21:11 INFO mapreduce.Job:  map 100% reduce 57%
18/04/29 20:21:14 INFO mapreduce.Job:  map 100% reduce 58%
18/04/29 20:21:18 INFO mapreduce.Job:  map 100% reduce 59%
18/04/29 20:21:20 INFO mapreduce.Job:  map 100% reduce 60%
18/04/29 20:21:24 INFO mapreduce.Job:  map 100% reduce 61%
18/04/29 20:21:27 INFO mapreduce.Job:  map 100% reduce 62%
18/04/29 20:21:32 INFO mapreduce.Job:  map 100% reduce 63%
18/04/29 20:21:36 INFO mapreduce.Job:  map 100% reduce 64%
18/04/29 20:21:38 INFO mapreduce.Job:  map 100% reduce 65%
18/04/29 20:21:43 INFO mapreduce.Job:  map 100% reduce 66%
18/04/29 20:21:47 INFO mapreduce.Job:  map 100% reduce 67%
18/04/29 20:21:52 INFO mapreduce.Job:  map 100% reduce 68%
18/04/29 20:21:58 INFO mapreduce.Job:  map 100% reduce 69%
18/04/29 20:22:03 INFO mapreduce.Job:  map 100% reduce 70%
18/04/29 20:22:07 INFO mapreduce.Job:  map 100% reduce 71%
18/04/29 20:22:14 INFO mapreduce.Job:  map 100% reduce 72%
18/04/29 20:22:20 INFO mapreduce.Job:  map 100% reduce 73%
18/04/29 20:22:25 INFO mapreduce.Job:  map 100% reduce 74%
18/04/29 20:22:29 INFO mapreduce.Job:  map 100% reduce 75%
18/04/29 20:22:35 INFO mapreduce.Job:  map 100% reduce 76%
18/04/29 20:22:39 INFO mapreduce.Job:  map 100% reduce 77%
18/04/29 20:22:43 INFO mapreduce.Job:  map 100% reduce 78%
18/04/29 20:22:48 INFO mapreduce.Job:  map 100% reduce 79%
18/04/29 20:22:51 INFO mapreduce.Job:  map 100% reduce 80%
18/04/29 20:22:56 INFO mapreduce.Job:  map 100% reduce 81%
18/04/29 20:23:02 INFO mapreduce.Job:  map 100% reduce 82%
18/04/29 20:23:07 INFO mapreduce.Job:  map 100% reduce 83%
18/04/29 20:23:11 INFO mapreduce.Job:  map 100% reduce 84%
18/04/29 20:23:13 INFO mapreduce.Job:  map 100% reduce 85%
18/04/29 20:23:16 INFO mapreduce.Job:  map 100% reduce 86%
18/04/29 20:23:21 INFO mapreduce.Job:  map 100% reduce 87%
18/04/29 20:23:26 INFO mapreduce.Job:  map 100% reduce 88%
18/04/29 20:23:32 INFO mapreduce.Job:  map 100% reduce 89%
18/04/29 20:23:35 INFO mapreduce.Job:  map 100% reduce 90%
18/04/29 20:23:38 INFO mapreduce.Job:  map 100% reduce 91%
18/04/29 20:23:41 INFO mapreduce.Job:  map 100% reduce 93%
18/04/29 20:23:46 INFO mapreduce.Job:  map 100% reduce 94%
18/04/29 20:23:47 INFO mapreduce.Job:  map 100% reduce 95%
18/04/29 20:23:51 INFO mapreduce.Job:  map 100% reduce 96%
18/04/29 20:23:58 INFO mapreduce.Job:  map 100% reduce 97%
18/04/29 20:24:03 INFO mapreduce.Job:  map 100% reduce 98%
18/04/29 20:24:10 INFO mapreduce.Job:  map 100% reduce 99%
18/04/29 20:24:22 INFO mapreduce.Job:  map 100% reduce 100%
18/04/29 20:24:35 INFO mapreduce.Job: Job job_1524521941871_0457 completed successfully
18/04/29 20:24:36 INFO mapreduce.Job: Counters: 52
	File System Counters
		FILE: Number of bytes read=99248843046
		FILE: Number of bytes written=181109177558
		FILE: Number of read operations=0
		FILE: Number of large read operations=0
		FILE: Number of write operations=0
		HDFS: Number of bytes read=80016092672
		HDFS: Number of bytes written=80000000000
		HDFS: Number of read operations=6200
		HDFS: Number of large read operations=0
		HDFS: Number of write operations=160
	Job Counters 
		Killed map tasks=1
		Killed reduce tasks=1
		Launched map tasks=1192
		Launched reduce tasks=81
		Data-local map tasks=994
		Rack-local map tasks=198
		Total time spent by all maps in occupied slots (ms)=13869182
		Total time spent by all reduces in occupied slots (ms)=23937156
		Total time spent by all map tasks (ms)=13869182
		Total time spent by all reduce tasks (ms)=23937156
		Total vcore-milliseconds taken by all map tasks=13869182
		Total vcore-milliseconds taken by all reduce tasks=23937156
		Total megabyte-milliseconds taken by all map tasks=14202042368
		Total megabyte-milliseconds taken by all reduce tasks=24511647744
	Map-Reduce Framework
		Map input records=800000000
		Map output records=800000000
		Map output bytes=80000000000
		Map output materialized bytes=81600572160
		Input split bytes=135888
		Combine input records=0
		Combine output records=0
		Reduce input groups=800000000
		Reduce shuffle bytes=81600572160
		Reduce input records=800000000
		Reduce output records=800000000
		Spilled Records=1773024594
		Shuffled Maps =95360
		Failed Shuffles=0
		Merged Map outputs=95360
		GC time elapsed (ms)=571179
		CPU time spent (ms)=9462600
		Physical memory (bytes) snapshot=378119868416
		Virtual memory (bytes) snapshot=2507131486208
		Total committed heap usage (bytes)=247194976256
	Shuffle Errors
		BAD_ID=0
		CONNECTION=0
		IO_ERROR=0
		WRONG_LENGTH=0
		WRONG_MAP=0
		WRONG_REDUCE=0
	File Input Format Counters 
		Bytes Read=80004878336
	File Output Format Counters 
		Bytes Written=80000000000
VALIDATING THE HADOOP OUTPUT ==> 80GB...
18/04/29 20:24:40 INFO client.RMProxy: Connecting to ResourceManager at hadoop-f/192.168.2.30:8032
18/04/29 20:24:41 INFO input.FileInputFormat: Total input files to process : 80
Spent 160ms computing base-splits.
Spent 6ms computing TeraScheduler splits.
18/04/29 20:24:41 INFO mapreduce.JobSubmitter: number of splits:80
18/04/29 20:24:41 INFO Configuration.deprecation: yarn.resourcemanager.system-metrics-publisher.enabled is deprecated. Instead, use yarn.system-metrics-publisher.enabled
18/04/29 20:24:41 INFO mapreduce.JobSubmitter: Submitting tokens for job: job_1524521941871_0458
18/04/29 20:24:42 INFO impl.YarnClientImpl: Submitted application application_1524521941871_0458
18/04/29 20:24:42 INFO mapreduce.Job: The url to track the job: http://hadoop-f:8088/proxy/application_1524521941871_0458/
18/04/29 20:24:42 INFO mapreduce.Job: Running job: job_1524521941871_0458
18/04/29 20:24:50 INFO mapreduce.Job: Job job_1524521941871_0458 running in uber mode : false
18/04/29 20:24:50 INFO mapreduce.Job:  map 0% reduce 0%
18/04/29 20:25:11 INFO mapreduce.Job:  map 3% reduce 0%
18/04/29 20:25:14 INFO mapreduce.Job:  map 7% reduce 0%
18/04/29 20:25:15 INFO mapreduce.Job:  map 9% reduce 0%
18/04/29 20:25:16 INFO mapreduce.Job:  map 10% reduce 0%
18/04/29 20:25:17 INFO mapreduce.Job:  map 11% reduce 0%
18/04/29 20:25:18 INFO mapreduce.Job:  map 12% reduce 0%
18/04/29 20:25:19 INFO mapreduce.Job:  map 13% reduce 0%
18/04/29 20:25:20 INFO mapreduce.Job:  map 16% reduce 0%
18/04/29 20:25:21 INFO mapreduce.Job:  map 17% reduce 0%
18/04/29 20:25:23 INFO mapreduce.Job:  map 18% reduce 0%
18/04/29 20:25:25 INFO mapreduce.Job:  map 19% reduce 0%
18/04/29 20:25:26 INFO mapreduce.Job:  map 20% reduce 0%
18/04/29 20:25:27 INFO mapreduce.Job:  map 23% reduce 0%
18/04/29 20:25:28 INFO mapreduce.Job:  map 25% reduce 0%
18/04/29 20:25:30 INFO mapreduce.Job:  map 26% reduce 0%
18/04/29 20:25:31 INFO mapreduce.Job:  map 28% reduce 0%
18/04/29 20:25:32 INFO mapreduce.Job:  map 31% reduce 0%
18/04/29 20:25:33 INFO mapreduce.Job:  map 32% reduce 0%
18/04/29 20:25:34 INFO mapreduce.Job:  map 33% reduce 0%
18/04/29 20:25:35 INFO mapreduce.Job:  map 34% reduce 0%
18/04/29 20:25:37 INFO mapreduce.Job:  map 35% reduce 0%
18/04/29 20:25:38 INFO mapreduce.Job:  map 36% reduce 0%
18/04/29 20:25:39 INFO mapreduce.Job:  map 37% reduce 0%
18/04/29 20:25:41 INFO mapreduce.Job:  map 38% reduce 0%
18/04/29 20:25:42 INFO mapreduce.Job:  map 40% reduce 0%
18/04/29 20:25:43 INFO mapreduce.Job:  map 42% reduce 13%
18/04/29 20:25:44 INFO mapreduce.Job:  map 43% reduce 13%
18/04/29 20:25:46 INFO mapreduce.Job:  map 44% reduce 13%
18/04/29 20:25:47 INFO mapreduce.Job:  map 45% reduce 13%
18/04/29 20:25:49 INFO mapreduce.Job:  map 46% reduce 15%
18/04/29 20:25:51 INFO mapreduce.Job:  map 47% reduce 15%
18/04/29 20:25:52 INFO mapreduce.Job:  map 49% reduce 15%
18/04/29 20:25:54 INFO mapreduce.Job:  map 50% reduce 15%
18/04/29 20:25:55 INFO mapreduce.Job:  map 51% reduce 15%
18/04/29 20:25:57 INFO mapreduce.Job:  map 56% reduce 15%
18/04/29 20:25:58 INFO mapreduce.Job:  map 58% reduce 15%
18/04/29 20:25:59 INFO mapreduce.Job:  map 60% reduce 15%
18/04/29 20:26:00 INFO mapreduce.Job:  map 64% reduce 15%
18/04/29 20:26:01 INFO mapreduce.Job:  map 66% reduce 20%
18/04/29 20:26:02 INFO mapreduce.Job:  map 69% reduce 20%
18/04/29 20:26:03 INFO mapreduce.Job:  map 73% reduce 20%
18/04/29 20:26:04 INFO mapreduce.Job:  map 76% reduce 20%
18/04/29 20:26:05 INFO mapreduce.Job:  map 77% reduce 20%
18/04/29 20:26:06 INFO mapreduce.Job:  map 78% reduce 20%
18/04/29 20:26:07 INFO mapreduce.Job:  map 79% reduce 25%
18/04/29 20:26:08 INFO mapreduce.Job:  map 80% reduce 25%
18/04/29 20:26:09 INFO mapreduce.Job:  map 81% reduce 25%
18/04/29 20:26:10 INFO mapreduce.Job:  map 82% reduce 25%
18/04/29 20:26:12 INFO mapreduce.Job:  map 84% reduce 25%
18/04/29 20:26:13 INFO mapreduce.Job:  map 84% reduce 28%
18/04/29 20:26:14 INFO mapreduce.Job:  map 85% reduce 28%
18/04/29 20:26:15 INFO mapreduce.Job:  map 89% reduce 28%
18/04/29 20:26:16 INFO mapreduce.Job:  map 94% reduce 28%
18/04/29 20:26:19 INFO mapreduce.Job:  map 96% reduce 28%
18/04/29 20:26:20 INFO mapreduce.Job:  map 98% reduce 32%
18/04/29 20:26:21 INFO mapreduce.Job:  map 99% reduce 32%
18/04/29 20:26:22 INFO mapreduce.Job:  map 100% reduce 32%
18/04/29 20:26:23 INFO mapreduce.Job:  map 100% reduce 100%
18/04/29 20:26:23 INFO mapreduce.Job: Job job_1524521941871_0458 completed successfully
18/04/29 20:26:24 INFO mapreduce.Job: Counters: 51
	File System Counters
		FILE: Number of bytes read=7046
		FILE: Number of bytes written=16358680
		FILE: Number of read operations=0
		FILE: Number of large read operations=0
		FILE: Number of write operations=0
		HDFS: Number of bytes read=80000010320
		HDFS: Number of bytes written=26
		HDFS: Number of read operations=243
		HDFS: Number of large read operations=0
		HDFS: Number of write operations=2
	Job Counters 
		Killed map tasks=1
		Launched map tasks=80
		Launched reduce tasks=1
		Data-local map tasks=77
		Rack-local map tasks=3
		Total time spent by all maps in occupied slots (ms)=2230249
		Total time spent by all reduces in occupied slots (ms)=58058
		Total time spent by all map tasks (ms)=2230249
		Total time spent by all reduce tasks (ms)=58058
		Total vcore-milliseconds taken by all map tasks=2230249
		Total vcore-milliseconds taken by all reduce tasks=58058
		Total megabyte-milliseconds taken by all map tasks=2283774976
		Total megabyte-milliseconds taken by all reduce tasks=59451392
	Map-Reduce Framework
		Map input records=800000000
		Map output records=240
		Map output bytes=6560
		Map output materialized bytes=7520
		Input split bytes=10320
		Combine input records=0
		Combine output records=0
		Reduce input groups=161
		Reduce shuffle bytes=7520
		Reduce input records=240
		Reduce output records=1
		Spilled Records=480
		Shuffled Maps =80
		Failed Shuffles=0
		Merged Map outputs=80
		GC time elapsed (ms)=28311
		CPU time spent (ms)=820310
		Physical memory (bytes) snapshot=23574761472
		Virtual memory (bytes) snapshot=159547920384
		Total committed heap usage (bytes)=16640376832
	Shuffle Errors
		BAD_ID=0
		CONNECTION=0
		IO_ERROR=0
		WRONG_LENGTH=0
		WRONG_MAP=0
		WRONG_REDUCE=0
	File Input Format Counters 
		Bytes Read=80000000000
	File Output Format Counters 
		Bytes Written=26
Time taken: 1558 secs
